<?xml version="1.0" encoding="UTF-8"?>
<!-- Generated by org.testng.reporters.JUnitXMLReporter -->
<testsuite hostname="LAPTOP-DJC8OLDO" ignored="0" name="Default test" tests="3" failures="0" timestamp="2020-10-26T16:26:47 EET" time="0.051" errors="0">
  <testcase name="hello" time="0.008" classname="com.hrms.API.steps.practice.TDDConcepts"/>
  <testcase name="welcome" time="0.001" classname="com.hrms.API.steps.practice.TDDConcepts"/>
  <testcase name="tea" time="0.0" classname="com.hrms.API.steps.practice.TDDConcepts"/>
</testsuite> <!-- Default test -->
