<?xml version="1.0" encoding="UTF-8"?>
<testng-results skipped="0" failed="0" ignored="0" total="1" passed="1">
  <reporter-output>
  </reporter-output>
  <suite name="Default suite" duration-ms="129" started-at="2020-10-29T20:40:17 EET" finished-at="2020-10-29T20:40:18 EET">
    <groups>
    </groups>
    <test name="Default test" duration-ms="129" started-at="2020-10-29T20:40:17 EET" finished-at="2020-10-29T20:40:18 EET">
      <class name="com.hrms.API.steps.practice.P">
        <test-method status="PASS" signature="getOneEmployee()[pri:0, instance:com.hrms.API.steps.practice.P@4da4253]" name="getOneEmployee" duration-ms="16" started-at="2020-10-29T20:40:18 EET" finished-at="2020-10-29T20:40:18 EET">
          <reporter-output>
          </reporter-output>
        </test-method> <!-- getOneEmployee -->
      </class> <!-- com.hrms.API.steps.practice.P -->
    </test> <!-- Default test -->
  </suite> <!-- Default suite -->
</testng-results>
