<?xml version="1.0" encoding="UTF-8"?>
<testng-results skipped="0" failed="0" ignored="0" total="3" passed="3">
  <reporter-output>
  </reporter-output>
  <suite name="Default suite" duration-ms="51" started-at="2020-10-26T16:26:47 EET" finished-at="2020-10-26T16:26:47 EET">
    <groups>
    </groups>
    <test name="Default test" duration-ms="51" started-at="2020-10-26T16:26:47 EET" finished-at="2020-10-26T16:26:47 EET">
      <class name="com.hrms.API.steps.practice.TDDConcepts">
        <test-method status="PASS" signature="hello()[pri:0, instance:com.hrms.API.steps.practice.TDDConcepts@34c4973]" name="hello" duration-ms="8" started-at="2020-10-26T16:26:47 EET" finished-at="2020-10-26T16:26:47 EET">
          <reporter-output>
          </reporter-output>
        </test-method> <!-- hello -->
        <test-method status="PASS" signature="welcome()[pri:0, instance:com.hrms.API.steps.practice.TDDConcepts@34c4973]" name="welcome" duration-ms="1" started-at="2020-10-26T16:26:47 EET" depends-on-methods="com.hrms.API.steps.practice.TDDConcepts.hello" finished-at="2020-10-26T16:26:47 EET">
          <reporter-output>
          </reporter-output>
        </test-method> <!-- welcome -->
        <test-method status="PASS" signature="tea()[pri:0, instance:com.hrms.API.steps.practice.TDDConcepts@34c4973]" name="tea" duration-ms="0" started-at="2020-10-26T16:26:47 EET" depends-on-methods="com.hrms.API.steps.practice.TDDConcepts.welcome" finished-at="2020-10-26T16:26:47 EET">
          <reporter-output>
          </reporter-output>
        </test-method> <!-- tea -->
      </class> <!-- com.hrms.API.steps.practice.TDDConcepts -->
    </test> <!-- Default test -->
  </suite> <!-- Default suite -->
</testng-results>
